[2024-08-20 00:53:16] local.ERROR: Cannot redeclare branchName() (previously declared in F:\webpoint\webpoint\app\helpers.php:5) {"exception":"[object] (Symfony\\Component\\ErrorHandler\\Error\\FatalError(code: 0): Cannot redeclare branchName() (previously declared in F:\\webpoint\\webpoint\\app\\helpers.php:5) at F:\\webpoint\\webpoint\\app\\helpers.php:7)
[stacktrace]
#0 {main}
"} 
[2024-08-20 00:54:10] local.ERROR: Cannot redeclare branchName() (previously declared in F:\webpoint\webpoint\app\helpers.php:5) {"exception":"[object] (Symfony\\Component\\ErrorHandler\\Error\\FatalError(code: 0): Cannot redeclare branchName() (previously declared in F:\\webpoint\\webpoint\\app\\helpers.php:5) at F:\\webpoint\\webpoint\\app\\helpers.php:7)
[stacktrace]
#0 {main}
"} 
[2024-08-20 00:55:12] local.ERROR: Cannot redeclare branchName() (previously declared in F:\webpoint\webpoint\app\helpers.php:5) {"exception":"[object] (Symfony\\Component\\ErrorHandler\\Error\\FatalError(code: 0): Cannot redeclare branchName() (previously declared in F:\\webpoint\\webpoint\\app\\helpers.php:5) at F:\\webpoint\\webpoint\\app\\helpers.php:7)
[stacktrace]
#0 {main}
"} 
[2024-08-20 00:56:11] local.ERROR: Cannot redeclare branchName() (previously declared in F:\webpoint\webpoint\app\helpers.php:5) {"exception":"[object] (Symfony\\Component\\ErrorHandler\\Error\\FatalError(code: 0): Cannot redeclare branchName() (previously declared in F:\\webpoint\\webpoint\\app\\helpers.php:5) at F:\\webpoint\\webpoint\\app\\helpers.php:7)
[stacktrace]
#0 {main}
"} 
[2024-08-20 00:57:14] local.ERROR: Cannot redeclare branchName() (previously declared in F:\webpoint\webpoint\app\helpers.php:5) {"exception":"[object] (Symfony\\Component\\ErrorHandler\\Error\\FatalError(code: 0): Cannot redeclare branchName() (previously declared in F:\\webpoint\\webpoint\\app\\helpers.php:5) at F:\\webpoint\\webpoint\\app\\helpers.php:7)
[stacktrace]
#0 {main}
"} 
[2024-08-20 00:58:12] local.ERROR: Cannot redeclare branchName() (previously declared in F:\webpoint\webpoint\app\helpers.php:5) {"exception":"[object] (Symfony\\Component\\ErrorHandler\\Error\\FatalError(code: 0): Cannot redeclare branchName() (previously declared in F:\\webpoint\\webpoint\\app\\helpers.php:5) at F:\\webpoint\\webpoint\\app\\helpers.php:7)
[stacktrace]
#0 {main}
"} 
[2024-08-20 00:59:24] local.ERROR: Cannot redeclare branchName() (previously declared in F:\webpoint\webpoint\app\helpers.php:5) {"exception":"[object] (Symfony\\Component\\ErrorHandler\\Error\\FatalError(code: 0): Cannot redeclare branchName() (previously declared in F:\\webpoint\\webpoint\\app\\helpers.php:5) at F:\\webpoint\\webpoint\\app\\helpers.php:7)
[stacktrace]
#0 {main}
"} 
[2024-08-20 01:00:15] local.ERROR: Cannot redeclare branchName() (previously declared in F:\webpoint\webpoint\app\helpers.php:5) {"exception":"[object] (Symfony\\Component\\ErrorHandler\\Error\\FatalError(code: 0): Cannot redeclare branchName() (previously declared in F:\\webpoint\\webpoint\\app\\helpers.php:5) at F:\\webpoint\\webpoint\\app\\helpers.php:7)
[stacktrace]
#0 {main}
"} 
[2024-08-20 01:01:16] local.ERROR: Cannot redeclare branchName() (previously declared in F:\webpoint\webpoint\app\helpers.php:5) {"exception":"[object] (Symfony\\Component\\ErrorHandler\\Error\\FatalError(code: 0): Cannot redeclare branchName() (previously declared in F:\\webpoint\\webpoint\\app\\helpers.php:5) at F:\\webpoint\\webpoint\\app\\helpers.php:7)
[stacktrace]
#0 {main}
"} 
[2024-08-20 01:02:20] local.ERROR: Cannot redeclare branchName() (previously declared in F:\webpoint\webpoint\app\helpers.php:5) {"exception":"[object] (Symfony\\Component\\ErrorHandler\\Error\\FatalError(code: 0): Cannot redeclare branchName() (previously declared in F:\\webpoint\\webpoint\\app\\helpers.php:5) at F:\\webpoint\\webpoint\\app\\helpers.php:7)
[stacktrace]
#0 {main}
"} 
[2024-08-20 01:03:12] local.ERROR: Cannot redeclare branchName() (previously declared in F:\webpoint\webpoint\app\helpers.php:5) {"exception":"[object] (Symfony\\Component\\ErrorHandler\\Error\\FatalError(code: 0): Cannot redeclare branchName() (previously declared in F:\\webpoint\\webpoint\\app\\helpers.php:5) at F:\\webpoint\\webpoint\\app\\helpers.php:7)
[stacktrace]
#0 {main}
"} 
[2024-08-20 01:04:14] local.ERROR: Cannot redeclare branchName() (previously declared in F:\webpoint\webpoint\app\helpers.php:5) {"exception":"[object] (Symfony\\Component\\ErrorHandler\\Error\\FatalError(code: 0): Cannot redeclare branchName() (previously declared in F:\\webpoint\\webpoint\\app\\helpers.php:5) at F:\\webpoint\\webpoint\\app\\helpers.php:7)
[stacktrace]
#0 {main}
"} 
[2024-08-20 01:05:14] local.ERROR: Cannot redeclare branchName() (previously declared in F:\webpoint\webpoint\app\helpers.php:5) {"exception":"[object] (Symfony\\Component\\ErrorHandler\\Error\\FatalError(code: 0): Cannot redeclare branchName() (previously declared in F:\\webpoint\\webpoint\\app\\helpers.php:5) at F:\\webpoint\\webpoint\\app\\helpers.php:7)
[stacktrace]
#0 {main}
"} 
[2024-08-20 01:06:18] local.ERROR: Cannot redeclare branchName() (previously declared in F:\webpoint\webpoint\app\helpers.php:5) {"exception":"[object] (Symfony\\Component\\ErrorHandler\\Error\\FatalError(code: 0): Cannot redeclare branchName() (previously declared in F:\\webpoint\\webpoint\\app\\helpers.php:5) at F:\\webpoint\\webpoint\\app\\helpers.php:7)
[stacktrace]
#0 {main}
"} 
[2024-08-20 01:07:13] local.ERROR: Cannot redeclare branchName() (previously declared in F:\webpoint\webpoint\app\helpers.php:5) {"exception":"[object] (Symfony\\Component\\ErrorHandler\\Error\\FatalError(code: 0): Cannot redeclare branchName() (previously declared in F:\\webpoint\\webpoint\\app\\helpers.php:5) at F:\\webpoint\\webpoint\\app\\helpers.php:7)
[stacktrace]
#0 {main}
"} 
[2024-08-20 01:08:14] local.ERROR: Cannot redeclare branchName() (previously declared in F:\webpoint\webpoint\app\helpers.php:5) {"exception":"[object] (Symfony\\Component\\ErrorHandler\\Error\\FatalError(code: 0): Cannot redeclare branchName() (previously declared in F:\\webpoint\\webpoint\\app\\helpers.php:5) at F:\\webpoint\\webpoint\\app\\helpers.php:7)
[stacktrace]
#0 {main}
"} 
[2024-08-20 01:09:16] local.ERROR: Cannot redeclare branchName() (previously declared in F:\webpoint\webpoint\app\helpers.php:5) {"exception":"[object] (Symfony\\Component\\ErrorHandler\\Error\\FatalError(code: 0): Cannot redeclare branchName() (previously declared in F:\\webpoint\\webpoint\\app\\helpers.php:5) at F:\\webpoint\\webpoint\\app\\helpers.php:7)
[stacktrace]
#0 {main}
"} 
[2024-08-20 01:10:14] local.ERROR: Cannot redeclare branchName() (previously declared in F:\webpoint\webpoint\app\helpers.php:5) {"exception":"[object] (Symfony\\Component\\ErrorHandler\\Error\\FatalError(code: 0): Cannot redeclare branchName() (previously declared in F:\\webpoint\\webpoint\\app\\helpers.php:5) at F:\\webpoint\\webpoint\\app\\helpers.php:7)
[stacktrace]
#0 {main}
"} 
[2024-08-20 01:10:16] local.INFO: Starting transaction...  
[2024-08-20 01:10:16] local.INFO: Transaction successful.  
